<?xml version="1.0" encoding="UTF-8" ?>
<testsuite failures="0" time="0.115" errors="0" skipped="0" tests="2" name="TestCountry">
  <properties>
    <property name="java.runtime.name" value="Java(TM) SE Runtime Environment"/>
    <property name="sun.boot.library.path" value="C:\Program Files\Java\jdk1.6.0_16\jre\bin"/>
    <property name="java.vm.version" value="14.2-b01"/>
    <property name="java.vm.vendor" value="Sun Microsystems Inc."/>
    <property name="java.vendor.url" value="http://java.sun.com/"/>
    <property name="path.separator" value=";"/>
    <property name="java.vm.name" value="Java HotSpot(TM) 64-Bit Server VM"/>
    <property name="file.encoding.pkg" value="sun.io"/>
    <property name="user.country" value="AU"/>
    <property name="sun.java.launcher" value="SUN_STANDARD"/>
    <property name="sun.os.patch.level" value="Service Pack 1"/>
    <property name="java.vm.specification.name" value="Java Virtual Machine Specification"/>
    <property name="user.dir" value="C:\javadev\projects\lab-spring-mvc"/>
    <property name="java.runtime.version" value="1.6.0_16-b01"/>
    <property name="java.awt.graphicsenv" value="sun.awt.Win32GraphicsEnvironment"/>
    <property name="basedir" value="C:\javadev\projects\lab-spring-mvc"/>
    <property name="java.endorsed.dirs" value="C:\Program Files\Java\jdk1.6.0_16\jre\lib\endorsed"/>
    <property name="os.arch" value="amd64"/>
    <property name="surefire.real.class.path" value="C:\Windows\TEMP\surefirebooter8076951946152884426.jar"/>
    <property name="java.io.tmpdir" value="C:\Windows\TEMP\"/>
    <property name="line.separator" value="
"/>
    <property name="java.vm.specification.vendor" value="Sun Microsystems Inc."/>
    <property name="user.variant" value=""/>
    <property name="os.name" value="Windows 7"/>
    <property name="sun.jnu.encoding" value="GBK"/>
    <property name="java.library.path" value="C:\Program Files\Java\jdk1.6.0_16\jre\bin;.;C:\Windows\Sun\Java\bin;C:\Windows\system32;C:\Windows;C:\javadev\tool\apache-maven-2.2.1/bin;C:\Program Files\Java\jdk1.6.0_16/bin;C:\Program Files\Java\jdk1.6.0_16/bin;C:\Program Files\Common Files\Microsoft Shared\Windows Live;C:\Program Files (x86)\Common Files\Microsoft Shared\Windows Live;C:\Windows\system32;C:\Windows;C:\Windows\System32\Wbem;C:\Windows\System32\WindowsPowerShell\v1.0\;C:\Program Files (x86)\Common Files\Lenovo;C:\Program Files (x86)\Common Files\Ulead Systems\MPEG;C:\Program Files (x86)\Lenovo\Access Connections\;C:\Program Files (x86)\Windows Live\Shared;C:\Program Files\Common Files\Lenovo;C:\Program Files (x86)\Lenovo\Client Security Solution;C:\Program Files\Lenovo\Client Security Solution;C:\intertouch\workplace\Git\cmd;C:\Program Files\MySQL\MySQL Server 5.1\bin;C:\Program Files\Java\jdk1.6.0_16\bin;C:\Program Files (x86)\Common Files\Thunder Network\KanKan\Codecs;C:\javadev\Database\PostgreSQL9.2\bin;C:\javadev\tool\apache-ant-1.9.0/bin;C:\javadev\tool\apache-maven-2.2.1/bin;"/>
    <property name="surefire.test.class.path" value="C:\javadev\projects\lab-spring-mvc\target\test-classes;C:\javadev\projects\lab-spring-mvc\target\classes;C:\javadev\maven_repo\org\springframework\spring-core\3.2.2.RELEASE\spring-core-3.2.2.RELEASE.jar;C:\javadev\maven_repo\commons-logging\commons-logging\1.1.1\commons-logging-1.1.1.jar;C:\javadev\maven_repo\org\springframework\spring-web\3.2.2.RELEASE\spring-web-3.2.2.RELEASE.jar;C:\javadev\maven_repo\aopalliance\aopalliance\1.0\aopalliance-1.0.jar;C:\javadev\maven_repo\org\springframework\spring-aop\3.2.2.RELEASE\spring-aop-3.2.2.RELEASE.jar;C:\javadev\maven_repo\org\springframework\spring-beans\3.2.2.RELEASE\spring-beans-3.2.2.RELEASE.jar;C:\javadev\maven_repo\org\springframework\spring-context\3.2.2.RELEASE\spring-context-3.2.2.RELEASE.jar;C:\javadev\maven_repo\org\springframework\spring-expression\3.2.2.RELEASE\spring-expression-3.2.2.RELEASE.jar;C:\javadev\maven_repo\org\springframework\spring-webmvc\3.2.2.RELEASE\spring-webmvc-3.2.2.RELEASE.jar;C:\javadev\maven_repo\org\springframework\spring-orm\3.2.2.RELEASE\spring-orm-3.2.2.RELEASE.jar;C:\javadev\maven_repo\org\springframework\spring-jdbc\3.2.2.RELEASE\spring-jdbc-3.2.2.RELEASE.jar;C:\javadev\maven_repo\org\springframework\spring-tx\3.2.2.RELEASE\spring-tx-3.2.2.RELEASE.jar;C:\javadev\maven_repo\org\springframework\spring-test\3.2.2.RELEASE\spring-test-3.2.2.RELEASE.jar;C:\javadev\maven_repo\org\springframework\security\spring-security-core\3.1.4.RELEASE\spring-security-core-3.1.4.RELEASE.jar;C:\javadev\maven_repo\org\springframework\security\spring-security-web\3.1.4.RELEASE\spring-security-web-3.1.4.RELEASE.jar;C:\javadev\maven_repo\org\springframework\security\spring-security-config\3.1.4.RELEASE\spring-security-config-3.1.4.RELEASE.jar;C:\javadev\maven_repo\org\hibernate\hibernate-core\4.2.2.Final\hibernate-core-4.2.2.Final.jar;C:\javadev\maven_repo\antlr\antlr\2.7.7\antlr-2.7.7.jar;C:\javadev\maven_repo\org\jboss\logging\jboss-logging\3.1.0.GA\jboss-logging-3.1.0.GA.jar;C:\javadev\maven_repo\dom4j\dom4j\1.6.1\dom4j-1.6.1.jar;C:\javadev\maven_repo\org\jboss\spec\javax\transaction\jboss-transaction-api_1.1_spec\1.0.1.Final\jboss-transaction-api_1.1_spec-1.0.1.Final.jar;C:\javadev\maven_repo\org\hibernate\javax\persistence\hibernate-jpa-2.0-api\1.0.1.Final\hibernate-jpa-2.0-api-1.0.1.Final.jar;C:\javadev\maven_repo\org\hibernate\common\hibernate-commons-annotations\4.0.2.Final\hibernate-commons-annotations-4.0.2.Final.jar;C:\javadev\maven_repo\org\javassist\javassist\3.15.0-GA\javassist-3.15.0-GA.jar;C:\javadev\maven_repo\postgresql\postgresql\9.1-901.jdbc4\postgresql-9.1-901.jdbc4.jar;C:\javadev\maven_repo\jstl\jstl\1.2\jstl-1.2.jar;C:\javadev\maven_repo\taglibs\standard\1.1.2\standard-1.1.2.jar;C:\javadev\maven_repo\junit\junit\4.11\junit-4.11.jar;C:\javadev\maven_repo\org\hamcrest\hamcrest-core\1.3\hamcrest-core-1.3.jar;C:\javadev\maven_repo\net\sf\json-lib\json-lib\0.9\json-lib-0.9.jar;C:\javadev\maven_repo\commons-beanutils\commons-beanutils\1.7.0\commons-beanutils-1.7.0.jar;C:\javadev\maven_repo\commons-lang\commons-lang\2.2\commons-lang-2.2.jar;C:\javadev\maven_repo\xom\xom\1.1\xom-1.1.jar;C:\javadev\maven_repo\xerces\xmlParserAPIs\2.6.2\xmlParserAPIs-2.6.2.jar;C:\javadev\maven_repo\xerces\xercesImpl\2.6.2\xercesImpl-2.6.2.jar;C:\javadev\maven_repo\xalan\xalan\2.7.0\xalan-2.7.0.jar;C:\javadev\maven_repo\xml-apis\xml-apis\1.0.b2\xml-apis-1.0.b2.jar;C:\javadev\maven_repo\jaxen\jaxen\1.1-beta-8\jaxen-1.1-beta-8.jar;C:\javadev\maven_repo\jdom\jdom\1.0\jdom-1.0.jar;C:\javadev\maven_repo\net\sf\ezmorph\ezmorph\0.8.1\ezmorph-0.8.1.jar;C:\javadev\maven_repo\com\google\code\gson\gson\1.7.1\gson-1.7.1.jar;"/>
    <property name="java.specification.name" value="Java Platform API Specification"/>
    <property name="java.class.version" value="50.0"/>
    <property name="sun.management.compiler" value="HotSpot 64-Bit Server Compiler"/>
    <property name="os.version" value="6.1"/>
    <property name="user.home" value="C:\"/>
    <property name="user.timezone" value="Australia/Sydney"/>
    <property name="java.awt.printerjob" value="sun.awt.windows.WPrinterJob"/>
    <property name="java.specification.version" value="1.6"/>
    <property name="file.encoding" value="Cp1252"/>
    <property name="user.name" value="JACK-PC$"/>
    <property name="java.class.path" value="C:\javadev\projects\lab-spring-mvc\target\test-classes;C:\javadev\projects\lab-spring-mvc\target\classes;C:\javadev\maven_repo\org\springframework\spring-core\3.2.2.RELEASE\spring-core-3.2.2.RELEASE.jar;C:\javadev\maven_repo\commons-logging\commons-logging\1.1.1\commons-logging-1.1.1.jar;C:\javadev\maven_repo\org\springframework\spring-web\3.2.2.RELEASE\spring-web-3.2.2.RELEASE.jar;C:\javadev\maven_repo\aopalliance\aopalliance\1.0\aopalliance-1.0.jar;C:\javadev\maven_repo\org\springframework\spring-aop\3.2.2.RELEASE\spring-aop-3.2.2.RELEASE.jar;C:\javadev\maven_repo\org\springframework\spring-beans\3.2.2.RELEASE\spring-beans-3.2.2.RELEASE.jar;C:\javadev\maven_repo\org\springframework\spring-context\3.2.2.RELEASE\spring-context-3.2.2.RELEASE.jar;C:\javadev\maven_repo\org\springframework\spring-expression\3.2.2.RELEASE\spring-expression-3.2.2.RELEASE.jar;C:\javadev\maven_repo\org\springframework\spring-webmvc\3.2.2.RELEASE\spring-webmvc-3.2.2.RELEASE.jar;C:\javadev\maven_repo\org\springframework\spring-orm\3.2.2.RELEASE\spring-orm-3.2.2.RELEASE.jar;C:\javadev\maven_repo\org\springframework\spring-jdbc\3.2.2.RELEASE\spring-jdbc-3.2.2.RELEASE.jar;C:\javadev\maven_repo\org\springframework\spring-tx\3.2.2.RELEASE\spring-tx-3.2.2.RELEASE.jar;C:\javadev\maven_repo\org\springframework\spring-test\3.2.2.RELEASE\spring-test-3.2.2.RELEASE.jar;C:\javadev\maven_repo\org\springframework\security\spring-security-core\3.1.4.RELEASE\spring-security-core-3.1.4.RELEASE.jar;C:\javadev\maven_repo\org\springframework\security\spring-security-web\3.1.4.RELEASE\spring-security-web-3.1.4.RELEASE.jar;C:\javadev\maven_repo\org\springframework\security\spring-security-config\3.1.4.RELEASE\spring-security-config-3.1.4.RELEASE.jar;C:\javadev\maven_repo\org\hibernate\hibernate-core\4.2.2.Final\hibernate-core-4.2.2.Final.jar;C:\javadev\maven_repo\antlr\antlr\2.7.7\antlr-2.7.7.jar;C:\javadev\maven_repo\org\jboss\logging\jboss-logging\3.1.0.GA\jboss-logging-3.1.0.GA.jar;C:\javadev\maven_repo\dom4j\dom4j\1.6.1\dom4j-1.6.1.jar;C:\javadev\maven_repo\org\jboss\spec\javax\transaction\jboss-transaction-api_1.1_spec\1.0.1.Final\jboss-transaction-api_1.1_spec-1.0.1.Final.jar;C:\javadev\maven_repo\org\hibernate\javax\persistence\hibernate-jpa-2.0-api\1.0.1.Final\hibernate-jpa-2.0-api-1.0.1.Final.jar;C:\javadev\maven_repo\org\hibernate\common\hibernate-commons-annotations\4.0.2.Final\hibernate-commons-annotations-4.0.2.Final.jar;C:\javadev\maven_repo\org\javassist\javassist\3.15.0-GA\javassist-3.15.0-GA.jar;C:\javadev\maven_repo\postgresql\postgresql\9.1-901.jdbc4\postgresql-9.1-901.jdbc4.jar;C:\javadev\maven_repo\jstl\jstl\1.2\jstl-1.2.jar;C:\javadev\maven_repo\taglibs\standard\1.1.2\standard-1.1.2.jar;C:\javadev\maven_repo\junit\junit\4.11\junit-4.11.jar;C:\javadev\maven_repo\org\hamcrest\hamcrest-core\1.3\hamcrest-core-1.3.jar;C:\javadev\maven_repo\net\sf\json-lib\json-lib\0.9\json-lib-0.9.jar;C:\javadev\maven_repo\commons-beanutils\commons-beanutils\1.7.0\commons-beanutils-1.7.0.jar;C:\javadev\maven_repo\commons-lang\commons-lang\2.2\commons-lang-2.2.jar;C:\javadev\maven_repo\xom\xom\1.1\xom-1.1.jar;C:\javadev\maven_repo\xerces\xmlParserAPIs\2.6.2\xmlParserAPIs-2.6.2.jar;C:\javadev\maven_repo\xerces\xercesImpl\2.6.2\xercesImpl-2.6.2.jar;C:\javadev\maven_repo\xalan\xalan\2.7.0\xalan-2.7.0.jar;C:\javadev\maven_repo\xml-apis\xml-apis\1.0.b2\xml-apis-1.0.b2.jar;C:\javadev\maven_repo\jaxen\jaxen\1.1-beta-8\jaxen-1.1-beta-8.jar;C:\javadev\maven_repo\jdom\jdom\1.0\jdom-1.0.jar;C:\javadev\maven_repo\net\sf\ezmorph\ezmorph\0.8.1\ezmorph-0.8.1.jar;C:\javadev\maven_repo\com\google\code\gson\gson\1.7.1\gson-1.7.1.jar;"/>
    <property name="java.vm.specification.version" value="1.0"/>
    <property name="sun.arch.data.model" value="64"/>
    <property name="java.home" value="C:\Program Files\Java\jdk1.6.0_16\jre"/>
    <property name="java.specification.vendor" value="Sun Microsystems Inc."/>
    <property name="user.language" value="en"/>
    <property name="awt.toolkit" value="sun.awt.windows.WToolkit"/>
    <property name="java.vm.info" value="mixed mode"/>
    <property name="java.version" value="1.6.0_16"/>
    <property name="java.ext.dirs" value="C:\Program Files\Java\jdk1.6.0_16\jre\lib\ext;C:\Windows\Sun\Java\lib\ext"/>
    <property name="sun.boot.class.path" value="C:\Program Files\Java\jdk1.6.0_16\jre\lib\resources.jar;C:\Program Files\Java\jdk1.6.0_16\jre\lib\rt.jar;C:\Program Files\Java\jdk1.6.0_16\jre\lib\sunrsasign.jar;C:\Program Files\Java\jdk1.6.0_16\jre\lib\jsse.jar;C:\Program Files\Java\jdk1.6.0_16\jre\lib\jce.jar;C:\Program Files\Java\jdk1.6.0_16\jre\lib\charsets.jar;C:\Program Files\Java\jdk1.6.0_16\jre\classes"/>
    <property name="java.vendor" value="Sun Microsystems Inc."/>
    <property name="localRepository" value="C:/javadev/maven_repo"/>
    <property name="file.separator" value="\"/>
    <property name="java.vendor.url.bug" value="http://java.sun.com/cgi-bin/bugreport.cgi"/>
    <property name="sun.cpu.endian" value="little"/>
    <property name="sun.io.unicode.encoding" value="UnicodeLittle"/>
    <property name="sun.desktop" value="windows"/>
    <property name="sun.cpu.isalist" value="amd64"/>
  </properties>
  <testcase time="0.096" classname="TestCountry" name="testJson"/>
  <testcase time="0.001" classname="TestCountry" name="testPagination"/>
</testsuite>